<?xml version="1.0" encoding="UTF-8"?>
<testsuite name="com.monotonic.collections._3_lists.after.ShipmentTest" tests="1" skipped="0" failures="0" errors="0" timestamp="2020-08-27T22:51:57" hostname="ubuntu1804" time="0.009">
  <properties/>
  <testcase name="shouldAddItems" classname="com.monotonic.collections._3_lists.after.ShipmentTest" time="0.009"/>
  <system-out><![CDATA[]]></system-out>
  <system-err><![CDATA[]]></system-err>
</testsuite>
